<?xml version="1.0" encoding="UTF-8"?>
<!-- Generated by org.testng.reporters.JUnitReportReporter -->
<testsuite hostname="camilo-X455LA" failures="0" tests="1" name="com.jcastro.travel.test.TravelTest" time="22.939" errors="0" timestamp="4 Feb 2019 12:24:25 GMT">
  <testcase classname="com.jcastro.travel.test.TravelTest" name="Search" time="22.939"/>
</testsuite> <!-- com.jcastro.travel.test.TravelTest -->
